Using pre-set license
Built from '2020.3/release' branch; Version is '2020.3.7f1 (dd97f2c94397) revision 14522354'; Using compiler version '192528614'; Build Type 'Release'
OS: 'Windows 10 Home; OS build 19042.1348; Version 2009; 64bit' Language: 'en' Physical Memory: 16224 MB
BatchMode: 1, IsHumanControllingUs: 0, StartBugReporterOnCrash: 0, Is64bit: 1, IsPro: 0

 COMMAND LINE ARGUMENTS:
C:\Program Files\Unity\Hub\Editor\2020.3.7f1\Editor\Unity.exe
-adb2
-batchMode
-noUpm
-name
AssetImportWorker0
-projectPath
C:/Users/manu_/OneDrive/Desktop/Fa21CMPUT/296/UnityAI/Pac-Man/Assignment 5-Fall 2021
-logFile
Logs/AssetImportWorker0.log
-srvPort
53949
Successfully changed project path to: C:/Users/manu_/OneDrive/Desktop/Fa21CMPUT/296/UnityAI/Pac-Man/Assignment 5-Fall 2021
C:/Users/manu_/OneDrive/Desktop/Fa21CMPUT/296/UnityAI/Pac-Man/Assignment 5-Fall 2021
Using Asset Import Pipeline V2.
Refreshing native plugins compatible for Editor in 199.28 ms, found 0 plugins.
Preloading 0 native plugins for Editor in 0.00 ms.
Initialize engine version: 2020.3.7f1 (dd97f2c94397)
[Subsystems] Discovering subsystems at path C:/Program Files/Unity/Hub/Editor/2020.3.7f1/Editor/Data/Resources/UnitySubsystems
[Subsystems] Discovering subsystems at path C:/Users/manu_/OneDrive/Desktop/Fa21CMPUT/296/UnityAI/Pac-Man/Assignment 5-Fall 2021/Assets
GfxDevice: creating device client; threaded=0
Direct3D:
    Version:  Direct3D 11.0 [level 11.1]
    Renderer: NVIDIA GeForce RTX 2060 (ID=0x1f15)
    Vendor:   
    VRAM:     5980 MB
    Driver:   26.21.14.4187
Initialize mono
Mono path[0] = 'C:/Program Files/Unity/Hub/Editor/2020.3.7f1/Editor/Data/Managed'
Mono path[1] = 'C:/Program Files/Unity/Hub/Editor/2020.3.7f1/Editor/Data/MonoBleedingEdge/lib/mono/unityjit'
Mono config path = 'C:/Program Files/Unity/Hub/Editor/2020.3.7f1/Editor/Data/MonoBleedingEdge/etc'
Using monoOptions --debugger-agent=transport=dt_socket,embedding=1,server=y,suspend=n,address=127.0.0.1:56684
Begin MonoManager ReloadAssembly
Registering precompiled unity dll's ...
Register platform support module: C:/Program Files/Unity/Hub/Editor/2020.3.7f1/Editor/Data/PlaybackEngines/WebGLSupport/UnityEditor.WebGL.Extensions.dll
Register platform support module: C:/Program Files/Unity/Hub/Editor/2020.3.7f1/Editor/Data/PlaybackEngines/WindowsStandaloneSupport/UnityEditor.WindowsStandalone.Extensions.dll
Registered in 0.003443 seconds.
Native extension for WindowsStandalone target not found
Native extension for WebGL target not found
Refreshing native plugins compatible for Editor in 62.95 ms, found 0 plugins.
Preloading 0 native plugins for Editor in 0.00 ms.
Mono: successfully reloaded assembly
- Completed reload, in  2.350 seconds
Platform modules already initialized, skipping
Registering precompiled user dll's ...
Registered in 0.003042 seconds.
Begin MonoManager ReloadAssembly
Native extension for WindowsStandalone target not found
Native extension for WebGL target not found
Refreshing native plugins compatible for Editor in 0.78 ms, found 0 plugins.
Preloading 0 native plugins for Editor in 0.00 ms.
Mono: successfully reloaded assembly
- Completed reload, in  1.593 seconds
Platform modules already initialized, skipping
========================================================================
Worker process is ready to serve import requests
Launched and connected shader compiler UnityShaderCompiler.exe after 0.07 seconds
Refreshing native plugins compatible for Editor in 0.74 ms, found 0 plugins.
Preloading 0 native plugins for Editor in 0.00 ms.
Unloading 1704 Unused Serialized files (Serialized files now loaded: 0)
System memory in use before: 73.8 MB.
System memory in use after: 73.9 MB.

Unloading 49 unused Assets to reduce memory usage. Loaded Objects now: 2118.
Total: 8.931400 ms (FindLiveObjects: 0.671200 ms CreateObjectMapping: 0.396400 ms MarkObjects: 7.776800 ms  DeleteObjects: 0.084400 ms)

========================================================================
Received Import Request.
  path: Assets/HW5/LevelOptimizer.cs
  artifactKey: Guid(f4878d088eca140c0a172a2f0a34ca3d) Importer(815301076,1909f56bfc062723c751e8b465ee728b)
Start importing Assets/HW5/LevelOptimizer.cs using Guid(f4878d088eca140c0a172a2f0a34ca3d) Importer(815301076,1909f56bfc062723c751e8b465ee728b)  -> (artifact id: '391f20bf70559edb1d41929d07013b9c') in 0.073477 seconds
  Import took 0.079253 seconds .

========================================================================
Received Prepare
Registering precompiled user dll's ...
Registered in 0.003049 seconds.
Begin MonoManager ReloadAssembly
Native extension for WindowsStandalone target not found
Native extension for WebGL target not found
Refreshing native plugins compatible for Editor in 1.19 ms, found 0 plugins.
Preloading 0 native plugins for Editor in 0.00 ms.
Mono: successfully reloaded assembly
- Completed reload, in  1.374 seconds
Platform modules already initialized, skipping
Refreshing native plugins compatible for Editor in 0.83 ms, found 0 plugins.
Preloading 0 native plugins for Editor in 0.00 ms.
Unloading 1698 Unused Serialized files (Serialized files now loaded: 0)
System memory in use before: 73.7 MB.
System memory in use after: 73.8 MB.

Unloading 40 unused Assets to reduce memory usage. Loaded Objects now: 2121.
Total: 6.881600 ms (FindLiveObjects: 0.462300 ms CreateObjectMapping: 0.258000 ms MarkObjects: 6.121000 ms  DeleteObjects: 0.037100 ms)

========================================================================
Received Import Request.
  Time since last request: 189.514491 seconds.
  path: Assets/HW5/LevelOptimizer.cs
  artifactKey: Guid(f4878d088eca140c0a172a2f0a34ca3d) Importer(815301076,1909f56bfc062723c751e8b465ee728b)
Start importing Assets/HW5/LevelOptimizer.cs using Guid(f4878d088eca140c0a172a2f0a34ca3d) Importer(815301076,1909f56bfc062723c751e8b465ee728b)  -> (artifact id: 'e22635126d7c495fff87f783abca51b4') in 0.006932 seconds
  Import took 0.010635 seconds .

========================================================================
Received Prepare
Registering precompiled user dll's ...
Registered in 0.003606 seconds.
Begin MonoManager ReloadAssembly
Native extension for WindowsStandalone target not found
Native extension for WebGL target not found
Refreshing native plugins compatible for Editor in 2.32 ms, found 0 plugins.
Preloading 0 native plugins for Editor in 0.00 ms.
Mono: successfully reloaded assembly
- Completed reload, in  2.715 seconds
Platform modules already initialized, skipping
Refreshing native plugins compatible for Editor in 1.28 ms, found 0 plugins.
Preloading 0 native plugins for Editor in 0.00 ms.
Unloading 1698 Unused Serialized files (Serialized files now loaded: 0)
System memory in use before: 73.8 MB.
System memory in use after: 73.9 MB.

Unloading 40 unused Assets to reduce memory usage. Loaded Objects now: 2124.
Total: 12.095700 ms (FindLiveObjects: 0.557400 ms CreateObjectMapping: 0.188000 ms MarkObjects: 11.290500 ms  DeleteObjects: 0.055900 ms)

========================================================================
Received Import Request.
  Time since last request: 4678.192760 seconds.
  path: Assets/HW5/LevelOptimizer.cs
  artifactKey: Guid(f4878d088eca140c0a172a2f0a34ca3d) Importer(815301076,1909f56bfc062723c751e8b465ee728b)
Start importing Assets/HW5/LevelOptimizer.cs using Guid(f4878d088eca140c0a172a2f0a34ca3d) Importer(815301076,1909f56bfc062723c751e8b465ee728b)  -> (artifact id: '354fe33b8149d7df1eb0eb67215e73ef') in 0.011742 seconds
  Import took 0.018201 seconds .

========================================================================
Received Prepare
Registering precompiled user dll's ...
Registered in 0.003841 seconds.
Begin MonoManager ReloadAssembly
Native extension for WindowsStandalone target not found
Native extension for WebGL target not found
Refreshing native plugins compatible for Editor in 1.01 ms, found 0 plugins.
Preloading 0 native plugins for Editor in 0.00 ms.
Mono: successfully reloaded assembly
- Completed reload, in  1.301 seconds
Platform modules already initialized, skipping
Refreshing native plugins compatible for Editor in 0.91 ms, found 0 plugins.
Preloading 0 native plugins for Editor in 0.00 ms.
Unloading 1698 Unused Serialized files (Serialized files now loaded: 0)
System memory in use before: 73.8 MB.
System memory in use after: 73.9 MB.

Unloading 40 unused Assets to reduce memory usage. Loaded Objects now: 2127.
Total: 8.375200 ms (FindLiveObjects: 0.260100 ms CreateObjectMapping: 0.104100 ms MarkObjects: 7.980000 ms  DeleteObjects: 0.028700 ms)

========================================================================
Received Import Request.
  Time since last request: 397.937549 seconds.
  path: Assets/HW5/LevelOptimizer.cs
  artifactKey: Guid(f4878d088eca140c0a172a2f0a34ca3d) Importer(815301076,1909f56bfc062723c751e8b465ee728b)
Start importing Assets/HW5/LevelOptimizer.cs using Guid(f4878d088eca140c0a172a2f0a34ca3d) Importer(815301076,1909f56bfc062723c751e8b465ee728b)  -> (artifact id: 'fb022b88d5cdc7278924fd971c4082ab') in 0.008618 seconds
  Import took 0.013192 seconds .

========================================================================
Received Prepare
Registering precompiled user dll's ...
Registered in 0.002745 seconds.
Begin MonoManager ReloadAssembly
Native extension for WindowsStandalone target not found
Native extension for WebGL target not found
Refreshing native plugins compatible for Editor in 0.57 ms, found 0 plugins.
Preloading 0 native plugins for Editor in 0.00 ms.
Mono: successfully reloaded assembly
- Completed reload, in  1.016 seconds
Platform modules already initialized, skipping
Refreshing native plugins compatible for Editor in 0.55 ms, found 0 plugins.
Preloading 0 native plugins for Editor in 0.00 ms.
Unloading 1698 Unused Serialized files (Serialized files now loaded: 0)
System memory in use before: 73.8 MB.
System memory in use after: 73.9 MB.

Unloading 40 unused Assets to reduce memory usage. Loaded Objects now: 2130.
Total: 4.820900 ms (FindLiveObjects: 0.193800 ms CreateObjectMapping: 0.059400 ms MarkObjects: 4.543400 ms  DeleteObjects: 0.022900 ms)

