Using pre-set license
Built from '2020.3/release' branch; Version is '2020.3.7f1 (dd97f2c94397) revision 14522354'; Using compiler version '192528614'; Build Type 'Release'
OS: 'Windows 10 Home; OS build 19042.1348; Version 2009; 64bit' Language: 'en' Physical Memory: 16224 MB
BatchMode: 1, IsHumanControllingUs: 0, StartBugReporterOnCrash: 0, Is64bit: 1, IsPro: 0

 COMMAND LINE ARGUMENTS:
C:\Program Files\Unity\Hub\Editor\2020.3.7f1\Editor\Unity.exe
-adb2
-batchMode
-noUpm
-name
AssetImportWorker0
-projectPath
C:/Users/manu_/OneDrive/Desktop/Fa21CMPUT/296/UnityAI/Pac-Man/Assignment 4-Fall 2021
-logFile
Logs/AssetImportWorker0.log
-srvPort
53107
Successfully changed project path to: C:/Users/manu_/OneDrive/Desktop/Fa21CMPUT/296/UnityAI/Pac-Man/Assignment 4-Fall 2021
C:/Users/manu_/OneDrive/Desktop/Fa21CMPUT/296/UnityAI/Pac-Man/Assignment 4-Fall 2021
Using Asset Import Pipeline V2.
Refreshing native plugins compatible for Editor in 68.98 ms, found 0 plugins.
Preloading 0 native plugins for Editor in 0.00 ms.
Initialize engine version: 2020.3.7f1 (dd97f2c94397)
[Subsystems] Discovering subsystems at path C:/Program Files/Unity/Hub/Editor/2020.3.7f1/Editor/Data/Resources/UnitySubsystems
[Subsystems] Discovering subsystems at path C:/Users/manu_/OneDrive/Desktop/Fa21CMPUT/296/UnityAI/Pac-Man/Assignment 4-Fall 2021/Assets
GfxDevice: creating device client; threaded=0
Direct3D:
    Version:  Direct3D 11.0 [level 11.1]
    Renderer: NVIDIA GeForce RTX 2060 (ID=0x1f15)
    Vendor:   
    VRAM:     5980 MB
    Driver:   26.21.14.4187
Initialize mono
Mono path[0] = 'C:/Program Files/Unity/Hub/Editor/2020.3.7f1/Editor/Data/Managed'
Mono path[1] = 'C:/Program Files/Unity/Hub/Editor/2020.3.7f1/Editor/Data/MonoBleedingEdge/lib/mono/unityjit'
Mono config path = 'C:/Program Files/Unity/Hub/Editor/2020.3.7f1/Editor/Data/MonoBleedingEdge/etc'
Using monoOptions --debugger-agent=transport=dt_socket,embedding=1,server=y,suspend=n,address=127.0.0.1:56268
Begin MonoManager ReloadAssembly
Registering precompiled unity dll's ...
Register platform support module: C:/Program Files/Unity/Hub/Editor/2020.3.7f1/Editor/Data/PlaybackEngines/WebGLSupport/UnityEditor.WebGL.Extensions.dll
Register platform support module: C:/Program Files/Unity/Hub/Editor/2020.3.7f1/Editor/Data/PlaybackEngines/WindowsStandaloneSupport/UnityEditor.WindowsStandalone.Extensions.dll
Registered in 0.002634 seconds.
Native extension for WindowsStandalone target not found
Native extension for WebGL target not found
Refreshing native plugins compatible for Editor in 48.49 ms, found 0 plugins.
Preloading 0 native plugins for Editor in 0.00 ms.
Mono: successfully reloaded assembly
- Completed reload, in  1.517 seconds
Platform modules already initialized, skipping
Registering precompiled user dll's ...
Registered in 0.002495 seconds.
Begin MonoManager ReloadAssembly
Native extension for WindowsStandalone target not found
Native extension for WebGL target not found
Refreshing native plugins compatible for Editor in 0.65 ms, found 0 plugins.
Preloading 0 native plugins for Editor in 0.00 ms.
Mono: successfully reloaded assembly
- Completed reload, in  1.148 seconds
Platform modules already initialized, skipping
========================================================================
Worker process is ready to serve import requests
Launched and connected shader compiler UnityShaderCompiler.exe after 0.05 seconds
Refreshing native plugins compatible for Editor in 0.58 ms, found 0 plugins.
Preloading 0 native plugins for Editor in 0.00 ms.
Unloading 1702 Unused Serialized files (Serialized files now loaded: 0)
System memory in use before: 73.8 MB.
System memory in use after: 73.8 MB.

Unloading 49 unused Assets to reduce memory usage. Loaded Objects now: 2115.
Total: 6.021000 ms (FindLiveObjects: 0.187400 ms CreateObjectMapping: 0.065100 ms MarkObjects: 5.694900 ms  DeleteObjects: 0.072100 ms)

========================================================================
Received Import Request.
  path: Assets/Scripts
  artifactKey: Guid(ac0629505adfe52469e993a5f5bcc109) Importer(815301076,1909f56bfc062723c751e8b465ee728b)
Start importing Assets/Scripts using Guid(ac0629505adfe52469e993a5f5bcc109) Importer(815301076,1909f56bfc062723c751e8b465ee728b)  -> (artifact id: 'fbdfd8f4762ba138fbcd47fe52e1c56e') in 0.010102 seconds
  Import took 0.012582 seconds .

========================================================================
Received Import Request.
  Time since last request: 38.499457 seconds.
  path: Assets/HW4/Assignment4 Data/Luofan Peng
  artifactKey: Guid(d07e0e37c63d34b34a5da8dcb8ab110e) Importer(815301076,1909f56bfc062723c751e8b465ee728b)
Start importing Assets/HW4/Assignment4 Data/Luofan Peng using Guid(d07e0e37c63d34b34a5da8dcb8ab110e) Importer(815301076,1909f56bfc062723c751e8b465ee728b)  -> (artifact id: '1cc784380189b3315fd352001fd12365') in 0.008809 seconds
  Import took 0.011666 seconds .

========================================================================
Received Import Request.
  Time since last request: 0.847514 seconds.
  path: Assets/HW4/Assignment4 Data/Kevin Zhu
  artifactKey: Guid(5e1b745a48eaa45adb250c5cf707c260) Importer(815301076,1909f56bfc062723c751e8b465ee728b)
Start importing Assets/HW4/Assignment4 Data/Kevin Zhu using Guid(5e1b745a48eaa45adb250c5cf707c260) Importer(815301076,1909f56bfc062723c751e8b465ee728b)  -> (artifact id: 'b3548961a4a891fe6d96f8a9ccb3e5b0') in 0.007280 seconds
  Import took 0.010326 seconds .

========================================================================
Received Import Request.
  Time since last request: 0.448352 seconds.
  path: Assets/HW4/Assignment4 Data/Licheng Xie
  artifactKey: Guid(954d5579f781d4ed9be4c3770aacadf5) Importer(815301076,1909f56bfc062723c751e8b465ee728b)
Start importing Assets/HW4/Assignment4 Data/Licheng Xie using Guid(954d5579f781d4ed9be4c3770aacadf5) Importer(815301076,1909f56bfc062723c751e8b465ee728b)  -> (artifact id: '65a3711c5d7fe275f4f1edcf13065318') in 0.006466 seconds
  Import took 0.009739 seconds .

========================================================================
Received Import Request.
  Time since last request: 29.385002 seconds.
  path: Assets/HW4/Assignment4 Data/Kevin Zhu/train.csv
  artifactKey: Guid(cedf67d1a093c4028bee623ce6cdf557) Importer(815301076,1909f56bfc062723c751e8b465ee728b)
Start importing Assets/HW4/Assignment4 Data/Kevin Zhu/train.csv using Guid(cedf67d1a093c4028bee623ce6cdf557) Importer(815301076,1909f56bfc062723c751e8b465ee728b)  -> (artifact id: '84905d8b049b86d2e9f6b7b48257645a') in 0.058350 seconds
  Import took 0.061751 seconds .

========================================================================
Received Import Request.
  Time since last request: 40.438569 seconds.
  path: Assets/HW4/KClusterer.cs
  artifactKey: Guid(66ff3a46228b941b0a02e03c59c44d89) Importer(815301076,1909f56bfc062723c751e8b465ee728b)
Start importing Assets/HW4/KClusterer.cs using Guid(66ff3a46228b941b0a02e03c59c44d89) Importer(815301076,1909f56bfc062723c751e8b465ee728b)  -> (artifact id: '74bcba26d54d1fd14327ec79fceee8d6') in 0.013695 seconds
  Import took 0.016824 seconds .

========================================================================
Received Import Request.
  Time since last request: 99.778241 seconds.
  path: Assets/HW4/Datapoint.cs
  artifactKey: Guid(0a8443d53d3a14a1cb40ac98b9c64137) Importer(815301076,1909f56bfc062723c751e8b465ee728b)
Start importing Assets/HW4/Datapoint.cs using Guid(0a8443d53d3a14a1cb40ac98b9c64137) Importer(815301076,1909f56bfc062723c751e8b465ee728b)  -> (artifact id: '45ded6be173b9c14e48e3a61c925cfec') in 0.008105 seconds
  Import took 0.011916 seconds .

========================================================================
Received Prepare
Registering precompiled user dll's ...
Registered in 0.010837 seconds.
Begin MonoManager ReloadAssembly
Native extension for WindowsStandalone target not found
Native extension for WebGL target not found
Refreshing native plugins compatible for Editor in 0.76 ms, found 0 plugins.
Preloading 0 native plugins for Editor in 0.00 ms.
Mono: successfully reloaded assembly
- Completed reload, in  1.547 seconds
Platform modules already initialized, skipping
Refreshing native plugins compatible for Editor in 0.79 ms, found 0 plugins.
Preloading 0 native plugins for Editor in 0.00 ms.
Unloading 1696 Unused Serialized files (Serialized files now loaded: 0)
System memory in use before: 73.7 MB.
System memory in use after: 73.8 MB.

Unloading 40 unused Assets to reduce memory usage. Loaded Objects now: 2118.
Total: 7.172300 ms (FindLiveObjects: 0.237000 ms CreateObjectMapping: 0.084500 ms MarkObjects: 6.817400 ms  DeleteObjects: 0.031000 ms)

========================================================================
Received Import Request.
  Time since last request: 29674.917235 seconds.
  path: Assets/HW4/Assignment4 Data/Manu Parashar/train.csv
  artifactKey: Guid(538b718d2c791469abc349736d4991ac) Importer(815301076,1909f56bfc062723c751e8b465ee728b)
Start importing Assets/HW4/Assignment4 Data/Manu Parashar/train.csv using Guid(538b718d2c791469abc349736d4991ac) Importer(815301076,1909f56bfc062723c751e8b465ee728b)  -> (artifact id: '57d8a5a987f2f123e77088a49e07da6e') in 0.011564 seconds
  Import took 0.014236 seconds .

========================================================================
Received Prepare
Registering precompiled user dll's ...
Registered in 0.003285 seconds.
Begin MonoManager ReloadAssembly
Native extension for WindowsStandalone target not found
Native extension for WebGL target not found
Refreshing native plugins compatible for Editor in 0.97 ms, found 0 plugins.
Preloading 0 native plugins for Editor in 0.00 ms.
Mono: successfully reloaded assembly
- Completed reload, in  1.506 seconds
Platform modules already initialized, skipping
Refreshing native plugins compatible for Editor in 0.63 ms, found 0 plugins.
Preloading 0 native plugins for Editor in 0.00 ms.
Unloading 1696 Unused Serialized files (Serialized files now loaded: 0)
System memory in use before: 73.7 MB.
System memory in use after: 73.8 MB.

Unloading 40 unused Assets to reduce memory usage. Loaded Objects now: 2121.
Total: 6.373700 ms (FindLiveObjects: 0.276500 ms CreateObjectMapping: 0.085800 ms MarkObjects: 5.977700 ms  DeleteObjects: 0.032200 ms)

========================================================================
Received Import Request.
  Time since last request: 2678.518067 seconds.
  path: Assets/HW4/Assignment4 Data/Manu Parashar/verification.csv
  artifactKey: Guid(9b75307def6d74796ac95f798f0ecefa) Importer(815301076,1909f56bfc062723c751e8b465ee728b)
Start importing Assets/HW4/Assignment4 Data/Manu Parashar/verification.csv using Guid(9b75307def6d74796ac95f798f0ecefa) Importer(815301076,1909f56bfc062723c751e8b465ee728b)  -> (artifact id: 'd434508b1ef98bc056e4e384dbb5b8e8') in 0.017022 seconds
  Import took 0.019630 seconds .

========================================================================
Received Prepare
Registering precompiled user dll's ...
Registered in 0.002027 seconds.
Begin MonoManager ReloadAssembly
Native extension for WindowsStandalone target not found
Native extension for WebGL target not found
Refreshing native plugins compatible for Editor in 0.55 ms, found 0 plugins.
Preloading 0 native plugins for Editor in 0.00 ms.
Mono: successfully reloaded assembly
- Completed reload, in  0.827 seconds
Platform modules already initialized, skipping
Refreshing native plugins compatible for Editor in 0.54 ms, found 0 plugins.
Preloading 0 native plugins for Editor in 0.00 ms.
Unloading 1696 Unused Serialized files (Serialized files now loaded: 0)
System memory in use before: 73.7 MB.
System memory in use after: 73.8 MB.

Unloading 40 unused Assets to reduce memory usage. Loaded Objects now: 2124.
Total: 7.185400 ms (FindLiveObjects: 0.183900 ms CreateObjectMapping: 0.075500 ms MarkObjects: 6.897900 ms  DeleteObjects: 0.026900 ms)

========================================================================
Received Prepare
Registering precompiled user dll's ...
Registered in 0.001979 seconds.
Begin MonoManager ReloadAssembly
Native extension for WindowsStandalone target not found
Native extension for WebGL target not found
Refreshing native plugins compatible for Editor in 0.50 ms, found 0 plugins.
Preloading 0 native plugins for Editor in 0.00 ms.
Mono: successfully reloaded assembly
- Completed reload, in  0.808 seconds
Platform modules already initialized, skipping
Refreshing native plugins compatible for Editor in 0.55 ms, found 0 plugins.
Preloading 0 native plugins for Editor in 0.00 ms.
Unloading 1696 Unused Serialized files (Serialized files now loaded: 0)
System memory in use before: 73.7 MB.
System memory in use after: 73.8 MB.

Unloading 40 unused Assets to reduce memory usage. Loaded Objects now: 2127.
Total: 7.531400 ms (FindLiveObjects: 0.280600 ms CreateObjectMapping: 0.096800 ms MarkObjects: 7.124600 ms  DeleteObjects: 0.028000 ms)

========================================================================
Received Prepare
Registering precompiled user dll's ...
Registered in 0.001876 seconds.
Begin MonoManager ReloadAssembly
Native extension for WindowsStandalone target not found
Native extension for WebGL target not found
Refreshing native plugins compatible for Editor in 0.51 ms, found 0 plugins.
Preloading 0 native plugins for Editor in 0.00 ms.
Mono: successfully reloaded assembly
- Completed reload, in  0.826 seconds
Platform modules already initialized, skipping
Refreshing native plugins compatible for Editor in 0.52 ms, found 0 plugins.
Preloading 0 native plugins for Editor in 0.00 ms.
Unloading 1696 Unused Serialized files (Serialized files now loaded: 0)
System memory in use before: 73.7 MB.
System memory in use after: 73.8 MB.

Unloading 40 unused Assets to reduce memory usage. Loaded Objects now: 2130.
Total: 7.856400 ms (FindLiveObjects: 0.299200 ms CreateObjectMapping: 0.113100 ms MarkObjects: 7.414300 ms  DeleteObjects: 0.028200 ms)

AssetImportWorkerClient::OnTransportError - code=2 error=End of file
